git config --global user.name "TelVel"
git config --global user.email "pasha255225@mail.ru"
git config --global init.defaultBranch main
apt install git gh
ssh-keygen -t ed25519 -f ~/.ssh/TelVel
gh auth login
#? What account do you want to log into? GitHub.com
#? What is your preferred protocol for Git operations on this host? SSH
#? Upload your SSH public key to your GitHub account? /root/.ssh/TelVel.pub
#? Title for your SSH key: practice2_part3
#? How would you like to authenticate GitHub CLI? Login with a web browser
#
#! First copy your one-time code: EDC0-B3E6
#Press Enter to open github.com in your browser... 
#! Failed opening a web browser at https://github.com/login/device
#  exec: "xdg-open,x-www-browser,www-browser,wslview": executable file not found in $PATH
#  Please try entering the URL in your browser manually
#✓ Authentication complete.
#- gh config set -h github.com git_protocol ssh
#✓ Configured git protocol
#! Authentication credentials saved in plain text
#✓ Uploaded the SSH key to your GitHub account: /root/.ssh/TelVel.pub
#✓ Logged in as TelVel
gh auth setup-git --hostname github.com
gh auth status
#github.com
#  ✓ Logged in to github.com account TelVel (/root/.config/gh/hosts.yml)
#  - Active account: true
#  - Git operations protocol: ssh
#  - Token: gho_************************************
#  - Token scopes: 'admin:public_key', 'gist', 'read:org', 'repo'
gh repo create --public ELTEX_PRACTICE
#✓ Created repository TelVel/ELTEX_PRACTICE on GitHub
#  https://github.com/TelVel/ELTEX_PRACTICE
mkdir ~/ELTEX_PRACTICE && cd ~/ELTEX_PRACTICE
echo "# Eltex practice repo for reports" >> README.md
git init
#Initialized empty Git repository in /root/ELTEX_PRACTICE/.git/
git add README.md 
git commit -m "first commit"
#[main (root-commit) 9043da6] first commit
# 1 file changed, 1 insertion(+)
# create mode 100644 README.md
git branch -M main
git remote add origin https://github.com/TelVel/ELTEX_PRACTICE.git
git status
#On branch main
#nothing to commit, working tree clean
git push -u origin main
#Enumerating objects: 3, done.
#Counting objects: 100% (3/3), done.
#Writing objects: 100% (3/3), 238 bytes | 238.00 KiB/s, done.
#Total 3 (delta 0), reused 0 (delta 0), pack-reused 0
#To https://github.com/TelVel/ELTEX_PRACTICE.git
# * [new branch]      main -> main
#branch 'main' set up to track 'origin/main'.
mkdir -p module1/task1
mkdir module1/task2
mkdir module1/task3
scp practice2_part1.log root@172.16.9.187:/root
scp eltex-pg1-v13_part2.log  report_part1.txt eltex-pg1-v13_part3.log root@172.16.9.187:/root
mv report_part1.txt ELTEX_PRACTICE/module1/task1
mv eltex-pg1-v13_part2.log ELTEX_PRACTICE/module1/task1
mv eltex-pg1-v13_part3.log ELTEX_PRACTICE/module1/task1
mv practice2_part1.log ELTEX_PRACTICE/module1/task2
mv practice2_part2.log ELTEX_PRACTICE/module1/task2
mv practice2_part3.log ELTEX_PRACTICE/module1/task2
git add .
git status
#On branch main
#Your branch is up to date with 'origin/main'.
#
#Changes to be committed:
#  (use "git restore --staged <file>..." to unstage)
#	new file:   module1/task1/eltex-pg1-v13_part2.log
#	new file:   module1/task1/eltex-pg1-v13_part3.log
#	new file:   module1/task1/report_part1.txt
#	new file:   module1/task2/practice2_part1.log
#	new file:   module1/task2/practice2_part2.log
#	new file:   module1/task2/practice2_part3.log
git commit
#[main d3d4330] Reports for first and second tasks
# 6 files changed, 1284 insertions(+)
# create mode 100644 module1/task1/eltex-pg1-v13_part2.log
# create mode 100644 module1/task1/eltex-pg1-v13_part3.log
# create mode 100644 module1/task1/report_part1.txt
# create mode 100644 module1/task2/practice2_part1.log
# create mode 100644 module1/task2/practice2_part2.log
# create mode 100644 module1/task2/practice2_part3.log
git push
#Enumerating objects: 12, done.
#Counting objects: 100% (12/12), done.
#Delta compression using up to 2 threads
#Compressing objects: 100% (11/11), done.
#Writing objects: 100% (11/11), 24.07 KiB | 12.03 MiB/s, done.
#Total 11 (delta 0), reused 0 (delta 0), pack-reused 0
#To https://github.com/TelVel/ELTEX_PRACTICE.git
#   9043da6..d3d4330  main -> main

mkdir ~/ELTEX_PRACTICE_clone && cd ~/ELTEX_PRACTICE_clone
git clone https://github.com/TelVel/ELTEX_PRACTICE.git
#Cloning into 'ELTEX_PRACTICE'...
#remote: Enumerating objects: 14, done.
#remote: Counting objects: 100% (14/14), done.
#remote: Compressing objects: 100% (12/12), done.
#remote: Total 14 (delta 0), reused 14 (delta 0), pack-reused 0 (from 0)
#Receiving objects: 100% (14/14), 24.27 KiB | 261.00 KiB/s, done.
